<?xml version="1.0" encoding="UTF-8"?>
<!-- Generated by org.testng.reporters.JUnitXMLReporter -->
<testsuite hostname="DESKTOP-9SVIC0C" name="Test" tests="10" failures="0" timestamp="27 Jan 2020 13:04:13 GMT" time="35.67" errors="0">
  <testcase name="@AfterMethod conficAm" time="0.0" classname="com.vtiger.scripts.TestOrganization">
    <failure type="org.openqa.selenium.NoSuchElementException" message="no such element: Unable to locate element: {&amp;quot;method&amp;quot;:&amp;quot;link text&amp;quot;,&amp;quot;selector&amp;quot;:&amp;quot;Sign Out&amp;quot;}
  (Session info: chrome=79.0.3945.130)
For documentation on this error, please visit: https://www.seleniumhq.org/exceptions/no_such_element.html
Build info: version: &amp;apos;3.141.59&amp;apos;, revision: &amp;apos;e82be7d358&amp;apos;, time: &amp;apos;2018-11-14T08:25:53&amp;apos;
System info: host: &amp;apos;DESKTOP-9SVIC0C&amp;apos;, ip: &amp;apos;172.16.95.1&amp;apos;, os.name: &amp;apos;Windows 10&amp;apos;, os.arch: &amp;apos;amd64&amp;apos;, os.version: &amp;apos;10.0&amp;apos;, java.version: &amp;apos;1.8.0_221&amp;apos;
Driver info: org.openqa.selenium.chrome.ChromeDriver
Capabilities {acceptInsecureCerts: false, browserName: chrome, browserVersion: 79.0.3945.130, chrome: {chromedriverVersion: 79.0.3945.36 (3582db32b3389..., userDataDir: C:\Users\dell\AppData\Local...}, goog:chromeOptions: {debuggerAddress: localhost:59155}, javascriptEnabled: true, networkConnectionEnabled: false, pageLoadStrategy: normal, platform: WINDOWS, platformName: WINDOWS, proxy: Proxy(), setWindowRect: true, strictFileInteractability: false, timeouts: {implicit: 0, pageLoad: 300000, script: 30000}, unhandledPromptBehavior: dismiss and notify}
Session ID: ee58f0d34fdceac80e8ca95460ebbffe
*** Element info: {Using=link text, value=Sign Out}">
      <![CDATA[org.openqa.selenium.NoSuchElementException: no such element: Unable to locate element: {"method":"link text","selector":"Sign Out"}
  (Session info: chrome=79.0.3945.130)
For documentation on this error, please visit: https://www.seleniumhq.org/exceptions/no_such_element.html
Build info: version: '3.141.59', revision: 'e82be7d358', time: '2018-11-14T08:25:53'
System info: host: 'DESKTOP-9SVIC0C', ip: '172.16.95.1', os.name: 'Windows 10', os.arch: 'amd64', os.version: '10.0', java.version: '1.8.0_221'
Driver info: org.openqa.selenium.chrome.ChromeDriver
Capabilities {acceptInsecureCerts: false, browserName: chrome, browserVersion: 79.0.3945.130, chrome: {chromedriverVersion: 79.0.3945.36 (3582db32b3389..., userDataDir: C:\Users\dell\AppData\Local...}, goog:chromeOptions: {debuggerAddress: localhost:59155}, javascriptEnabled: true, networkConnectionEnabled: false, pageLoadStrategy: normal, platform: WINDOWS, platformName: WINDOWS, proxy: Proxy(), setWindowRect: true, strictFileInteractability: false, timeouts: {implicit: 0, pageLoad: 300000, script: 30000}, unhandledPromptBehavior: dismiss and notify}
Session ID: ee58f0d34fdceac80e8ca95460ebbffe
*** Element info: {Using=link text, value=Sign Out}
	at org.openqa.selenium.remote.http.W3CHttpResponseCodec.createException(W3CHttpResponseCodec.java:187)
	at org.openqa.selenium.remote.http.W3CHttpResponseCodec.decode(W3CHttpResponseCodec.java:122)
	at org.openqa.selenium.remote.http.W3CHttpResponseCodec.decode(W3CHttpResponseCodec.java:49)
	at org.openqa.selenium.remote.HttpCommandExecutor.execute(HttpCommandExecutor.java:158)
	at org.openqa.selenium.remote.service.DriverCommandExecutor.execute(DriverCommandExecutor.java:83)
	at org.openqa.selenium.remote.RemoteWebDriver.execute(RemoteWebDriver.java:552)
	at org.openqa.selenium.remote.RemoteWebDriver.findElement(RemoteWebDriver.java:323)
	at org.openqa.selenium.remote.RemoteWebDriver.findElementByLinkText(RemoteWebDriver.java:380)
	at org.openqa.selenium.By$ByLinkText.findElement(By.java:220)
	at org.openqa.selenium.remote.RemoteWebDriver.findElement(RemoteWebDriver.java:315)
	at org.openqa.selenium.support.pagefactory.DefaultElementLocator.findElement(DefaultElementLocator.java:69)
	at org.openqa.selenium.support.pagefactory.internal.LocatingElementHandler.invoke(LocatingElementHandler.java:38)
	at com.sun.proxy.$Proxy11.click(Unknown Source)
	at com.vtiger.pages.HomePage.logout(HomePage.java:71)
	at com.vitiger.generic.BaseClass.conficAm(BaseClass.java:51)
... Removed 31 stack frames]]>
    </failure>
  </testcase> <!-- @AfterMethod conficAm -->
  <testcase name="@BeforeMethod congigBm" time="0.0" classname="com.vtiger.scripts.TestOrganization">
    <skipped/>
  </testcase> <!-- @BeforeMethod congigBm -->
  <testcase name="@AfterMethod conficAm" time="0.0" classname="com.vtiger.scripts.TestOrganization">
    <skipped/>
  </testcase> <!-- @AfterMethod conficAm -->
  <testcase name="@BeforeMethod congigBm" time="0.0" classname="com.vtiger.scripts.TestOrganization">
    <skipped/>
  </testcase> <!-- @BeforeMethod congigBm -->
  <testcase name="@AfterMethod conficAm" time="0.0" classname="com.vtiger.scripts.TestOrganization">
    <skipped/>
  </testcase> <!-- @AfterMethod conficAm -->
  <testcase name="@BeforeMethod congigBm" time="0.0" classname="com.vtiger.scripts.TestOrganization">
    <skipped/>
  </testcase> <!-- @BeforeMethod congigBm -->
  <testcase name="@AfterMethod conficAm" time="0.0" classname="com.vtiger.scripts.TestOrganization">
    <skipped/>
  </testcase> <!-- @AfterMethod conficAm -->
  <testcase name="@AfterClass confinac" time="0.0" classname="com.vtiger.scripts.TestOrganization">
    <skipped/>
  </testcase> <!-- @AfterClass confinac -->
  <testcase name="@BeforeClass configBc" time="0.0" classname="com.vtiger.scripts.TestCreateProduct">
    <skipped/>
  </testcase> <!-- @BeforeClass configBc -->
  <testcase name="@BeforeMethod congigBm" time="0.0" classname="com.vtiger.scripts.TestCreateProduct">
    <skipped/>
  </testcase> <!-- @BeforeMethod congigBm -->
  <testcase name="@AfterMethod conficAm" time="0.0" classname="com.vtiger.scripts.TestCreateProduct">
    <skipped/>
  </testcase> <!-- @AfterMethod conficAm -->
  <testcase name="@BeforeMethod congigBm" time="0.0" classname="com.vtiger.scripts.TestCreateProduct">
    <skipped/>
  </testcase> <!-- @BeforeMethod congigBm -->
  <testcase name="@AfterMethod conficAm" time="0.0" classname="com.vtiger.scripts.TestCreateProduct">
    <skipped/>
  </testcase> <!-- @AfterMethod conficAm -->
  <testcase name="@BeforeMethod congigBm" time="0.0" classname="com.vtiger.scripts.TestCreateProduct">
    <skipped/>
  </testcase> <!-- @BeforeMethod congigBm -->
  <testcase name="@AfterMethod conficAm" time="0.0" classname="com.vtiger.scripts.TestCreateProduct">
    <skipped/>
  </testcase> <!-- @AfterMethod conficAm -->
  <testcase name="@AfterClass confinac" time="0.0" classname="com.vtiger.scripts.TestCreateProduct">
    <skipped/>
  </testcase> <!-- @AfterClass confinac -->
  <testcase name="@BeforeClass configBc" time="0.0" classname="com.vtiger.scripts.TestCreateCampagin">
    <skipped/>
  </testcase> <!-- @BeforeClass configBc -->
  <testcase name="@BeforeMethod congigBm" time="0.0" classname="com.vtiger.scripts.TestCreateCampagin">
    <skipped/>
  </testcase> <!-- @BeforeMethod congigBm -->
  <testcase name="@AfterMethod conficAm" time="0.0" classname="com.vtiger.scripts.TestCreateCampagin">
    <skipped/>
  </testcase> <!-- @AfterMethod conficAm -->
  <testcase name="@BeforeMethod congigBm" time="0.0" classname="com.vtiger.scripts.TestCreateCampagin">
    <skipped/>
  </testcase> <!-- @BeforeMethod congigBm -->
  <testcase name="@AfterMethod conficAm" time="0.0" classname="com.vtiger.scripts.TestCreateCampagin">
    <skipped/>
  </testcase> <!-- @AfterMethod conficAm -->
  <testcase name="@BeforeMethod congigBm" time="0.0" classname="com.vtiger.scripts.TestCreateCampagin">
    <skipped/>
  </testcase> <!-- @BeforeMethod congigBm -->
  <testcase name="@AfterMethod conficAm" time="0.0" classname="com.vtiger.scripts.TestCreateCampagin">
    <skipped/>
  </testcase> <!-- @AfterMethod conficAm -->
  <testcase name="@AfterClass confinac" time="0.0" classname="com.vtiger.scripts.TestCreateCampagin">
    <skipped/>
  </testcase> <!-- @AfterClass confinac -->
  <testcase name="testCreateOrg" time="12.976" classname="com.vtiger.scripts.TestOrganization"/>
  <testcase name="testCreateOrg1" time="0.001" classname="com.vtiger.scripts.TestOrganization">
    <skipped/>
  </testcase> <!-- testCreateOrg1 -->
  <testcase name="testCreateOrg2" time="0.002" classname="com.vtiger.scripts.TestOrganization">
    <skipped/>
  </testcase> <!-- testCreateOrg2 -->
  <testcase name="testCreateOrg3" time="0.002" classname="com.vtiger.scripts.TestOrganization">
    <skipped/>
  </testcase> <!-- testCreateOrg3 -->
  <testcase name="CreateProductTest1" time="0.002" classname="com.vtiger.scripts.TestCreateProduct">
    <skipped/>
  </testcase> <!-- CreateProductTest1 -->
  <testcase name="CreateProductTest2" time="0.001" classname="com.vtiger.scripts.TestCreateProduct">
    <skipped/>
  </testcase> <!-- CreateProductTest2 -->
  <testcase name="createProductTest" time="0.002" classname="com.vtiger.scripts.TestCreateProduct">
    <skipped/>
  </testcase> <!-- createProductTest -->
  <testcase name="createCampaginTest" time="0.001" classname="com.vtiger.scripts.TestCreateCampagin">
    <skipped/>
  </testcase> <!-- createCampaginTest -->
  <testcase name="createCampaginTest2" time="0.003" classname="com.vtiger.scripts.TestCreateCampagin">
    <skipped/>
  </testcase> <!-- createCampaginTest2 -->
  <testcase name="createCampaignTest1" time="0.0" classname="com.vtiger.scripts.TestCreateCampagin">
    <skipped/>
  </testcase> <!-- createCampaignTest1 -->
</testsuite> <!-- Test -->
